<?xml version="1.0" encoding="UTF-8"?>
<!-- Generated by org.testng.reporters.JUnitXMLReporter -->
<testsuite ignored="7" hostname="LTIN478323" failures="0" tests="1" name="Default test" time="0.137" errors="0" timestamp="2024-03-26T23:08:13 IST">
  <testcase classname="testCases.ServiceTest" name="@BeforeTest setup" time="-1.711474693303E9">
    <failure type="org.testng.TestNGException" message="
Parameter &amp;apos;browser&amp;apos; is required by BeforeTest on method setup but has not been marked @Optional or defined
in C:\Users\2321920\AppData\Local\Temp\8\testng-eclipse-1991737006\testng-customsuite.xml">
      <![CDATA[org.testng.TestNGException: 
Parameter 'browser' is required by BeforeTest on method setup but has not been marked @Optional or defined
in C:\Users\2321920\AppData\Local\Temp\8\testng-eclipse-1991737006\testng-customsuite.xml
at org.testng.internal.Parameters.createParams(Parameters.java:267)
at org.testng.internal.Parameters.createParametersForMethod(Parameters.java:355)
at org.testng.internal.Parameters.createParameters(Parameters.java:693)
at org.testng.internal.Parameters.createConfigurationParameters(Parameters.java:166)
at org.testng.internal.invokers.ConfigInvoker.invokeConfigurations(ConfigInvoker.java:306)
at org.testng.TestRunner.invokeTestConfigurations(TestRunner.java:661)
at org.testng.TestRunner.beforeRun(TestRunner.java:650)
at org.testng.TestRunner.run(TestRunner.java:612)
at org.testng.SuiteRunner.runTest(SuiteRunner.java:443)
at org.testng.SuiteRunner.runSequentially(SuiteRunner.java:437)
at org.testng.SuiteRunner.privateRun(SuiteRunner.java:397)
at org.testng.SuiteRunner.run(SuiteRunner.java:336)
at org.testng.SuiteRunnerWorker.runSuite(SuiteRunnerWorker.java:52)
at org.testng.SuiteRunnerWorker.run(SuiteRunnerWorker.java:95)
at org.testng.TestNG.runSuitesSequentially(TestNG.java:1301)
at org.testng.TestNG.runSuitesLocally(TestNG.java:1228)
at org.testng.TestNG.runSuites(TestNG.java:1134)
at org.testng.TestNG.run(TestNG.java:1101)
at org.testng.remote.AbstractRemoteTestNG.run(AbstractRemoteTestNG.java:115)
at org.testng.remote.RemoteTestNG.initAndRun(RemoteTestNG.java:251)
at org.testng.remote.RemoteTestNG.main(RemoteTestNG.java:77)
]]>
    </failure>
  </testcase> <!-- @BeforeTest setup -->
  <testcase classname="testCases.ServiceTest" name="TearDown" time="0.0">
    <skipped/>
  </testcase> <!-- TearDown -->
  <testcase classname="testCases.ServiceTest" name="cases" time="0.0">
    <ignored/>
  </testcase> <!-- cases -->
  <testcase classname="testCases.ServiceTest" name="cloneCase" time="0.0">
    <ignored/>
  </testcase> <!-- cloneCase -->
  <testcase classname="testCases.ServiceTest" name="casedetails" time="0.0">
    <ignored/>
  </testcase> <!-- casedetails -->
  <testcase classname="testCases.ServiceTest" name="checkclone" time="0.0">
    <ignored/>
  </testcase> <!-- checkclone -->
  <testcase classname="testCases.ServiceTest" name="login" time="0.0">
    <ignored/>
  </testcase> <!-- login -->
  <testcase classname="testCases.ServiceTest" name="Escalate" time="0.0">
    <ignored/>
  </testcase> <!-- Escalate -->
  <testcase classname="testCases.ServiceTest" name="checkStatus" time="0.0">
    <ignored/>
  </testcase> <!-- checkStatus -->
</testsuite> <!-- Default test -->
