<?xml version="1.0" encoding="UTF-8"?>
<!-- Generated by org.testng.reporters.JUnitXMLReporter -->
<testsuite ignored="0" hostname="LTIN478323" failures="1" tests="10" name="edgeTest" time="113.19" errors="0" timestamp="2024-03-26T22:06:23 IST">
  <testcase classname="testCases.ServiceTest" name="login" time="10.087"/>
  <testcase classname="testCases.ServiceTest" name="cases" time="10.305"/>
  <testcase classname="testCases.ServiceTest" name="casedetails" time="9.703"/>
  <testcase classname="testCases.ServiceTest" name="cloneCase" time="2.678"/>
  <testcase classname="testCases.ServiceTest" name="checkclone" time="0.075"/>
  <testcase classname="testCases.ServiceTest" name="Escalate" time="6.107"/>
  <testcase classname="testCases.ServiceTest" name="checkStatus" time="0.05"/>
  <testcase classname="testCases.ServiceTest" name="email" time="12.334"/>
  <testcase classname="testCases.ServiceTest" name="SLA" time="47.508">
    <failure type="org.openqa.selenium.NoSuchElementException" message="Unable to find element with locator By.xpath: //td[@id=&amp;apos;00NGB00000PV5QD_ilecell&amp;apos;]
For documentation on this error, please visit: https://www.selenium.dev/documentation/webdriver/troubleshooting/errors#no-such-element-exception
Build info: version: &amp;apos;4.18.1&amp;apos;, revision: &amp;apos;b1d3319b48&amp;apos;
System info: os.name: &amp;apos;Windows 11&amp;apos;, os.arch: &amp;apos;amd64&amp;apos;, os.version: &amp;apos;10.0&amp;apos;, java.version: &amp;apos;17.0.2&amp;apos;
Driver info: driver.version: RemoteWebDriver">
      <![CDATA[org.openqa.selenium.NoSuchElementException: Unable to find element with locator By.xpath: //td[@id='00NGB00000PV5QD_ilecell']
For documentation on this error, please visit: https://www.selenium.dev/documentation/webdriver/troubleshooting/errors#no-such-element-exception
Build info: version: '4.18.1', revision: 'b1d3319b48'
System info: os.name: 'Windows 11', os.arch: 'amd64', os.version: '10.0', java.version: '17.0.2'
Driver info: driver.version: RemoteWebDriver
at org.openqa.selenium.remote.ElementLocation$ElementFinder$2.findElement(ElementLocation.java:168)
at org.openqa.selenium.remote.ElementLocation.findElement(ElementLocation.java:59)
at org.openqa.selenium.remote.RemoteWebDriver.findElement(RemoteWebDriver.java:356)
at org.openqa.selenium.remote.RemoteWebDriver.findElement(RemoteWebDriver.java:350)
at org.openqa.selenium.support.pagefactory.DefaultElementLocator.findElement(DefaultElementLocator.java:68)
at org.openqa.selenium.support.pagefactory.internal.LocatingElementHandler.invoke(LocatingElementHandler.java:38)
at jdk.proxy2/jdk.proxy2.$Proxy12.getText(Unknown Source)
at pageObjects.CloseCase.validateSLA(CloseCase.java:32)
at testCases.ServiceTest.SLA(ServiceTest.java:140)
at java.base/java.util.ArrayList.forEach(ArrayList.java:1511)
... Removed 27 stack frames]]>
    </failure>
  </testcase> <!-- SLA -->
  <testcase classname="testCases.ServiceTest" name="TearDown" time="5.514"/>
</testsuite> <!-- edgeTest -->
